<?xml version="1.0" encoding="UTF-8"?>
<testng-results ignored="0" total="1" passed="1" failed="0" skipped="0">
  <reporter-output>
  </reporter-output>
  <suite started-at="2022-08-13T22:32:12 IST" name="Default suite" finished-at="2022-08-13T22:32:12 IST" duration-ms="86">
    <groups>
    </groups>
    <test started-at="2022-08-13T22:32:12 IST" name="Default test" finished-at="2022-08-13T22:32:12 IST" duration-ms="86">
      <class name="com.logical.string.check">
        <test-method signature="test()[pri:0, instance:com.logical.string.check@4d465b11]" started-at="2022-08-13T22:32:12 IST" name="test" finished-at="2022-08-13T22:32:12 IST" duration-ms="14" status="PASS">
          <reporter-output>
          </reporter-output>
        </test-method> <!-- test -->
      </class> <!-- com.logical.string.check -->
    </test> <!-- Default test -->
  </suite> <!-- Default suite -->
</testng-results>
